Using pre-set license
Built from '2020.3/staging' branch; Version is '2020.3.28f1 (f5400f52e03f) revision 16072719'; Using compiler version '192528614'; Build Type 'Release'
OS: 'Windows 10  (10.0.19044) 64bit CoreSingleLanguage' Language: 'en' Physical Memory: 7914 MB
BatchMode: 1, IsHumanControllingUs: 0, StartBugReporterOnCrash: 0, Is64bit: 1, IsPro: 0

COMMAND LINE ARGUMENTS:
C:\Program Files\Unity\Hub\Editor\2020.3.28f1\Editor\Unity.exe
-adb2
-batchMode
-noUpm
-name
AssetImportWorker0
-projectPath
C:/GitHub/3D-voice-chess
-logFile
Logs/AssetImportWorker0.log
-srvPort
57525
Successfully changed project path to: C:/GitHub/3D-voice-chess
C:/GitHub/3D-voice-chess
Using Asset Import Pipeline V2.
Refreshing native plugins compatible for Editor in 85.64 ms, found 2 plugins.
Preloading 0 native plugins for Editor in 0.00 ms.
Initialize engine version: 2020.3.28f1 (f5400f52e03f)
[Subsystems] Discovering subsystems at path C:/Program Files/Unity/Hub/Editor/2020.3.28f1/Editor/Data/Resources/UnitySubsystems
[Subsystems] Discovering subsystems at path C:/GitHub/3D-voice-chess/Assets
GfxDevice: creating device client; threaded=0
Direct3D:
    Version:  Direct3D 11.0 [level 11.1]
    Renderer: Intel(R) Iris(R) Xe Graphics (ID=0x9a49)
    Vendor:   
    VRAM:     3957 MB
    Driver:   27.20.100.9749
Initialize mono
Mono path[0] = 'C:/Program Files/Unity/Hub/Editor/2020.3.28f1/Editor/Data/Managed'
Mono path[1] = 'C:/Program Files/Unity/Hub/Editor/2020.3.28f1/Editor/Data/MonoBleedingEdge/lib/mono/unityjit'
Mono config path = 'C:/Program Files/Unity/Hub/Editor/2020.3.28f1/Editor/Data/MonoBleedingEdge/etc'
Using monoOptions --debugger-agent=transport=dt_socket,embedding=1,server=y,suspend=n,address=127.0.0.1:56744
Begin MonoManager ReloadAssembly
Registering precompiled unity dll's ...
Register platform support module: C:/Program Files/Unity/Hub/Editor/2020.3.28f1/Editor/Data/PlaybackEngines/WindowsStandaloneSupport/UnityEditor.WindowsStandalone.Extensions.dll
Registered in 0.004658 seconds.
Native extension for WindowsStandalone target not found
Refreshing native plugins compatible for Editor in 73.31 ms, found 2 plugins.
Preloading 0 native plugins for Editor in 0.00 ms.
Mono: successfully reloaded assembly
- Completed reload, in  1.319 seconds
Domain Reload Profiling:
	ReloadAssembly (1320ms)
		BeginReloadAssembly (155ms)
			ExecutionOrderSort (0ms)
			DisableScriptedObjects (0ms)
			BackupInstance (0ms)
			ReleaseScriptingObjects (0ms)
			CreateAndSetChildDomain (2ms)
		EndReloadAssembly (1015ms)
			LoadAssemblies (150ms)
			RebuildTransferFunctionScriptingTraits (0ms)
			SetupTypeCache (335ms)
			ReleaseScriptCaches (0ms)
			RebuildScriptCaches (72ms)
			SetupLoadedEditorAssemblies (372ms)
				LogAssemblyErrors (0ms)
				InitializePlatformSupportModulesInManaged (10ms)
				SetLoadedEditorAssemblies (0ms)
				RefreshPlugins (73ms)
				BeforeProcessingInitializeOnLoad (38ms)
				ProcessInitializeOnLoadAttributes (192ms)
				ProcessInitializeOnLoadMethodAttributes (57ms)
				AfterProcessingInitializeOnLoad (0ms)
				EditorAssembliesLoaded (1ms)
			ExecutionOrderSort2 (0ms)
			AwakeInstancesAfterBackupRestoration (0ms)
Platform modules already initialized, skipping
Registering precompiled user dll's ...
Registered in 0.011351 seconds.
Begin MonoManager ReloadAssembly
Native extension for WindowsStandalone target not found
Refreshing native plugins compatible for Editor in 0.57 ms, found 2 plugins.
Preloading 0 native plugins for Editor in 0.00 ms.
Mono: successfully reloaded assembly
- Completed reload, in  2.127 seconds
Domain Reload Profiling:
	ReloadAssembly (2129ms)
		BeginReloadAssembly (324ms)
			ExecutionOrderSort (0ms)
			DisableScriptedObjects (10ms)
			BackupInstance (0ms)
			ReleaseScriptingObjects (0ms)
			CreateAndSetChildDomain (34ms)
		EndReloadAssembly (1670ms)
			LoadAssemblies (227ms)
			RebuildTransferFunctionScriptingTraits (0ms)
			SetupTypeCache (575ms)
			ReleaseScriptCaches (1ms)
			RebuildScriptCaches (82ms)
			SetupLoadedEditorAssemblies (636ms)
				LogAssemblyErrors (0ms)
				InitializePlatformSupportModulesInManaged (9ms)
				SetLoadedEditorAssemblies (1ms)
				RefreshPlugins (1ms)
				BeforeProcessingInitializeOnLoad (172ms)
				ProcessInitializeOnLoadAttributes (420ms)
				ProcessInitializeOnLoadMethodAttributes (19ms)
				AfterProcessingInitializeOnLoad (15ms)
				EditorAssembliesLoaded (0ms)
			ExecutionOrderSort2 (0ms)
			AwakeInstancesAfterBackupRestoration (12ms)
Platform modules already initialized, skipping
========================================================================
Worker process is ready to serve import requests
Launched and connected shader compiler UnityShaderCompiler.exe after 0.10 seconds
Refreshing native plugins compatible for Editor in 0.66 ms, found 2 plugins.
Preloading 0 native plugins for Editor in 0.00 ms.
Unloading 1527 Unused Serialized files (Serialized files now loaded: 0)
System memory in use before: 69.4 MB.
System memory in use after: 69.5 MB.

Unloading 19 unused Assets to reduce memory usage. Loaded Objects now: 1960.
Total: 5.032600 ms (FindLiveObjects: 0.278200 ms CreateObjectMapping: 0.114200 ms MarkObjects: 4.542200 ms  DeleteObjects: 0.095700 ms)

AssetImportParameters requested are different than current active one (requested -> active):
  custom:framework-win-MediaFoundation: 216162199b28c13a410421893ffa2e32 -> 
  custom:video-decoder-ogg-theora: a1e56fd34408186e4bbccfd4996cb3dc -> 
  custom:container-muxer-webm: aa71ff27fc2769a1b78a27578f13a17b -> 
  custom:container-demuxer-webm: 4f35f7cbe854078d1ac9338744f61a02 -> 
  custom:container-demuxer-ogg: 62fdf1f143b41e24485cea50d1cbac27 -> 
  custom:video-encoder-webm-vp8: eb34c28f22e8b96e1ab97ce403110664 -> 
  custom:video-codec-MediaFoundation-h265: 746d11721c4dcdbdad8f713fa42b33f4 -> 
  custom:video-decoder-webm-vp8: 9c59270c3fd7afecdb556c50c9e8de78 -> 
  custom:audio-decoder-ogg-vorbis: bf7c407c2cedff20999df2af8eb42d56 -> 
  custom:audio-encoder-webm-vorbis: bf7c407c2cedff20999df2af8eb42d56 -> 
========================================================================
Received Import Request.
  path: Assets/Prefabs/Selector.prefab
  artifactKey: Guid(65672744554549e4ea5ad8287c5e0642) Importer(815301076,1909f56bfc062723c751e8b465ee728b)
Start importing Assets/Prefabs/Selector.prefab using Guid(65672744554549e4ea5ad8287c5e0642) Importer(815301076,1909f56bfc062723c751e8b465ee728b)  -> (artifact id: '2bf0c6882a33b0dc3494bbf5f9fc1015') in 0.221400 seconds 
  Import took 0.227610 seconds .

========================================================================
Received Import Request.
  Time since last request: 1.913743 seconds.
  path: Assets/Prefabs/Selector.prefab
  artifactKey: Guid(65672744554549e4ea5ad8287c5e0642) Importer(815301076,1909f56bfc062723c751e8b465ee728b)
Start importing Assets/Prefabs/Selector.prefab using Guid(65672744554549e4ea5ad8287c5e0642) Importer(815301076,1909f56bfc062723c751e8b465ee728b)  -> (artifact id: 'aa1eea7e24c07467e84879f1005ce093') in 0.026079 seconds 
  Import took 0.032491 seconds .

========================================================================
Received Import Request.
  Time since last request: 18.736058 seconds.
  path: Assets/Prefabs/Selector.prefab
  artifactKey: Guid(65672744554549e4ea5ad8287c5e0642) Importer(815301076,1909f56bfc062723c751e8b465ee728b)
Start importing Assets/Prefabs/Selector.prefab using Guid(65672744554549e4ea5ad8287c5e0642) Importer(815301076,1909f56bfc062723c751e8b465ee728b)  -> (artifact id: '7c5f3dadc107bc1f46b6d8a9385b2821') in 0.030664 seconds 
  Import took 0.037276 seconds .

========================================================================
Received Import Request.
  Time since last request: 8.022429 seconds.
  path: Assets/Prefabs/Selector.prefab
  artifactKey: Guid(65672744554549e4ea5ad8287c5e0642) Importer(815301076,1909f56bfc062723c751e8b465ee728b)
Start importing Assets/Prefabs/Selector.prefab using Guid(65672744554549e4ea5ad8287c5e0642) Importer(815301076,1909f56bfc062723c751e8b465ee728b)  -> (artifact id: '8b50564778910f424deee35fbb016fdb') in 0.030070 seconds 
  Import took 0.037863 seconds .

========================================================================
Received Import Request.
  Time since last request: 28.947650 seconds.
  path: Assets/Prefabs/Selector.prefab
  artifactKey: Guid(65672744554549e4ea5ad8287c5e0642) Importer(815301076,1909f56bfc062723c751e8b465ee728b)
Start importing Assets/Prefabs/Selector.prefab using Guid(65672744554549e4ea5ad8287c5e0642) Importer(815301076,1909f56bfc062723c751e8b465ee728b)  -> (artifact id: '4ef2cb89417f3e82811fcaaa06c638e0') in 0.024549 seconds 
  Import took 0.031403 seconds .

========================================================================
Received Import Request.
  Time since last request: 5.812218 seconds.
  path: Assets/Prefabs/Selector.prefab
  artifactKey: Guid(65672744554549e4ea5ad8287c5e0642) Importer(815301076,1909f56bfc062723c751e8b465ee728b)
Start importing Assets/Prefabs/Selector.prefab using Guid(65672744554549e4ea5ad8287c5e0642) Importer(815301076,1909f56bfc062723c751e8b465ee728b)  -> (artifact id: '8cb7039572e050e61e8c5d49e0baf843') in 0.022922 seconds 
  Import took 0.029248 seconds .

========================================================================
Received Import Request.
  Time since last request: 7.562880 seconds.
  path: Assets/Prefabs/Selector.prefab
  artifactKey: Guid(65672744554549e4ea5ad8287c5e0642) Importer(815301076,1909f56bfc062723c751e8b465ee728b)
Start importing Assets/Prefabs/Selector.prefab using Guid(65672744554549e4ea5ad8287c5e0642) Importer(815301076,1909f56bfc062723c751e8b465ee728b)  -> (artifact id: 'c2fcf9f83fdf2b93875c708825762e26') in 0.028637 seconds 
  Import took 0.033949 seconds .

========================================================================
Received Import Request.
  Time since last request: 3.420507 seconds.
  path: Assets/Prefabs/Selector.prefab
  artifactKey: Guid(65672744554549e4ea5ad8287c5e0642) Importer(815301076,1909f56bfc062723c751e8b465ee728b)
Start importing Assets/Prefabs/Selector.prefab using Guid(65672744554549e4ea5ad8287c5e0642) Importer(815301076,1909f56bfc062723c751e8b465ee728b)  -> (artifact id: '7de2b02f37d30ff1489ba5cabc8c3d15') in 0.024435 seconds 
  Import took 0.029389 seconds .

========================================================================
Received Import Request.
  Time since last request: 7.016600 seconds.
  path: Assets/Prefabs/Selector.prefab
  artifactKey: Guid(65672744554549e4ea5ad8287c5e0642) Importer(815301076,1909f56bfc062723c751e8b465ee728b)
Start importing Assets/Prefabs/Selector.prefab using Guid(65672744554549e4ea5ad8287c5e0642) Importer(815301076,1909f56bfc062723c751e8b465ee728b)  -> (artifact id: '25480788e84e6cb88fa082867fdb6ac1') in 0.024057 seconds 
  Import took 0.029322 seconds .

========================================================================
Received Import Request.
  Time since last request: 4.213851 seconds.
  path: Assets/Prefabs/Selector.prefab
  artifactKey: Guid(65672744554549e4ea5ad8287c5e0642) Importer(815301076,1909f56bfc062723c751e8b465ee728b)
Start importing Assets/Prefabs/Selector.prefab using Guid(65672744554549e4ea5ad8287c5e0642) Importer(815301076,1909f56bfc062723c751e8b465ee728b)  -> (artifact id: '842cb31869910bc9e5747cafdb894f9d') in 0.025502 seconds 
  Import took 0.031306 seconds .

========================================================================
Received Import Request.
  Time since last request: 16.354642 seconds.
  path: Assets/Prefabs/Selector.prefab
  artifactKey: Guid(65672744554549e4ea5ad8287c5e0642) Importer(815301076,1909f56bfc062723c751e8b465ee728b)
Start importing Assets/Prefabs/Selector.prefab using Guid(65672744554549e4ea5ad8287c5e0642) Importer(815301076,1909f56bfc062723c751e8b465ee728b)  -> (artifact id: '56d4f2efa40ee8b0fa8794896f4b54db') in 0.027082 seconds 
  Import took 0.032474 seconds .

========================================================================
Received Import Request.
  Time since last request: 3.107541 seconds.
  path: Assets/Prefabs/Selector.prefab
  artifactKey: Guid(65672744554549e4ea5ad8287c5e0642) Importer(815301076,1909f56bfc062723c751e8b465ee728b)
Start importing Assets/Prefabs/Selector.prefab using Guid(65672744554549e4ea5ad8287c5e0642) Importer(815301076,1909f56bfc062723c751e8b465ee728b)  -> (artifact id: 'ee234271e35ab0cace135e69eb1e4418') in 0.026248 seconds 
  Import took 0.032245 seconds .

========================================================================
Received Import Request.
  Time since last request: 6.224023 seconds.
  path: Assets/Prefabs/Selector.prefab
  artifactKey: Guid(65672744554549e4ea5ad8287c5e0642) Importer(815301076,1909f56bfc062723c751e8b465ee728b)
Start importing Assets/Prefabs/Selector.prefab using Guid(65672744554549e4ea5ad8287c5e0642) Importer(815301076,1909f56bfc062723c751e8b465ee728b)  -> (artifact id: '52e98424683996a3aa6385ccb50fdbfb') in 0.035368 seconds 
  Import took 0.041249 seconds .

========================================================================
Received Import Request.
  Time since last request: 10.272991 seconds.
  path: Assets/Prefabs/Selector.prefab
  artifactKey: Guid(65672744554549e4ea5ad8287c5e0642) Importer(815301076,1909f56bfc062723c751e8b465ee728b)
Start importing Assets/Prefabs/Selector.prefab using Guid(65672744554549e4ea5ad8287c5e0642) Importer(815301076,1909f56bfc062723c751e8b465ee728b)  -> (artifact id: '236e8e28c6bf8dcb166282376298259f') in 0.028242 seconds 
  Import took 0.034731 seconds .

========================================================================
Received Import Request.
  Time since last request: 8.055654 seconds.
  path: Assets/Prefabs/Selector.prefab
  artifactKey: Guid(65672744554549e4ea5ad8287c5e0642) Importer(815301076,1909f56bfc062723c751e8b465ee728b)
Start importing Assets/Prefabs/Selector.prefab using Guid(65672744554549e4ea5ad8287c5e0642) Importer(815301076,1909f56bfc062723c751e8b465ee728b)  -> (artifact id: '99f009641a28e69140ac281a8c00cec2') in 0.023324 seconds 
  Import took 0.029273 seconds .

========================================================================
Received Import Request.
  Time since last request: 1.582177 seconds.
  path: Assets/Prefabs/Selector.prefab
  artifactKey: Guid(65672744554549e4ea5ad8287c5e0642) Importer(815301076,1909f56bfc062723c751e8b465ee728b)
Start importing Assets/Prefabs/Selector.prefab using Guid(65672744554549e4ea5ad8287c5e0642) Importer(815301076,1909f56bfc062723c751e8b465ee728b)  -> (artifact id: 'b2d0d7f1841baf738c9efe51a4d1e5d5') in 0.024955 seconds 
  Import took 0.030966 seconds .

========================================================================
Received Import Request.
  Time since last request: 3.409114 seconds.
  path: Assets/Prefabs/Selector.prefab
  artifactKey: Guid(65672744554549e4ea5ad8287c5e0642) Importer(815301076,1909f56bfc062723c751e8b465ee728b)
Start importing Assets/Prefabs/Selector.prefab using Guid(65672744554549e4ea5ad8287c5e0642) Importer(815301076,1909f56bfc062723c751e8b465ee728b)  -> (artifact id: 'b4393ee7b1f9ccfa38251ea244e553d3') in 0.029396 seconds 
  Import took 0.035093 seconds .

========================================================================
Received Import Request.
  Time since last request: 6.843166 seconds.
  path: Assets/Prefabs/Selector.prefab
  artifactKey: Guid(65672744554549e4ea5ad8287c5e0642) Importer(815301076,1909f56bfc062723c751e8b465ee728b)
Start importing Assets/Prefabs/Selector.prefab using Guid(65672744554549e4ea5ad8287c5e0642) Importer(815301076,1909f56bfc062723c751e8b465ee728b)  -> (artifact id: '68f4d76c7179d010497a355148aba359') in 0.027696 seconds 
  Import took 0.035315 seconds .

========================================================================
Received Prepare
Registering precompiled user dll's ...
Registered in 0.013539 seconds.
Begin MonoManager ReloadAssembly
Native extension for WindowsStandalone target not found
Refreshing native plugins compatible for Editor in 0.68 ms, found 2 plugins.
Preloading 0 native plugins for Editor in 0.00 ms.
Mono: successfully reloaded assembly
- Completed reload, in  1.926 seconds
Domain Reload Profiling:
	ReloadAssembly (1927ms)
		BeginReloadAssembly (224ms)
			ExecutionOrderSort (0ms)
			DisableScriptedObjects (8ms)
			BackupInstance (0ms)
			ReleaseScriptingObjects (0ms)
			CreateAndSetChildDomain (56ms)
		EndReloadAssembly (1571ms)
			LoadAssemblies (211ms)
			RebuildTransferFunctionScriptingTraits (0ms)
			SetupTypeCache (541ms)
			ReleaseScriptCaches (1ms)
			RebuildScriptCaches (71ms)
			SetupLoadedEditorAssemblies (599ms)
				LogAssemblyErrors (0ms)
				InitializePlatformSupportModulesInManaged (10ms)
				SetLoadedEditorAssemblies (1ms)
				RefreshPlugins (1ms)
				BeforeProcessingInitializeOnLoad (159ms)
				ProcessInitializeOnLoadAttributes (393ms)
				ProcessInitializeOnLoadMethodAttributes (20ms)
				AfterProcessingInitializeOnLoad (15ms)
				EditorAssembliesLoaded (1ms)
			ExecutionOrderSort2 (0ms)
			AwakeInstancesAfterBackupRestoration (13ms)
Platform modules already initialized, skipping
Refreshing native plugins compatible for Editor in 0.76 ms, found 2 plugins.
Preloading 0 native plugins for Editor in 0.00 ms.
Unloading 1521 Unused Serialized files (Serialized files now loaded: 0)
System memory in use before: 72.4 MB.
System memory in use after: 72.5 MB.

Unloading 15 unused Assets to reduce memory usage. Loaded Objects now: 1970.
Total: 4.842200 ms (FindLiveObjects: 0.166200 ms CreateObjectMapping: 0.073800 ms MarkObjects: 4.551500 ms  DeleteObjects: 0.049200 ms)

AssetImportParameters requested are different than current active one (requested -> active):
  custom:framework-win-MediaFoundation: 216162199b28c13a410421893ffa2e32 -> 
  custom:video-decoder-ogg-theora: a1e56fd34408186e4bbccfd4996cb3dc -> 
  custom:container-muxer-webm: aa71ff27fc2769a1b78a27578f13a17b -> 
  custom:container-demuxer-webm: 4f35f7cbe854078d1ac9338744f61a02 -> 
  custom:container-demuxer-ogg: 62fdf1f143b41e24485cea50d1cbac27 -> 
  custom:video-encoder-webm-vp8: eb34c28f22e8b96e1ab97ce403110664 -> 
  custom:video-codec-MediaFoundation-h265: 746d11721c4dcdbdad8f713fa42b33f4 -> 
  custom:video-decoder-webm-vp8: 9c59270c3fd7afecdb556c50c9e8de78 -> 
  custom:audio-decoder-ogg-vorbis: bf7c407c2cedff20999df2af8eb42d56 -> 
  custom:audio-encoder-webm-vorbis: bf7c407c2cedff20999df2af8eb42d56 -> 
========================================================================
Received Import Request.
  Time since last request: 54.770381 seconds.
  path: Assets/Prefabs/Selector.prefab
  artifactKey: Guid(65672744554549e4ea5ad8287c5e0642) Importer(815301076,1909f56bfc062723c751e8b465ee728b)
Start importing Assets/Prefabs/Selector.prefab using Guid(65672744554549e4ea5ad8287c5e0642) Importer(815301076,1909f56bfc062723c751e8b465ee728b)  -> (artifact id: '16018ac3ebcee7a8e36dffc241b77b18') in 0.118488 seconds 
  Import took 0.123526 seconds .

========================================================================
Received Import Request.
  Time since last request: 2.638959 seconds.
  path: Assets/Prefabs/Selector.prefab
  artifactKey: Guid(65672744554549e4ea5ad8287c5e0642) Importer(815301076,1909f56bfc062723c751e8b465ee728b)
Start importing Assets/Prefabs/Selector.prefab using Guid(65672744554549e4ea5ad8287c5e0642) Importer(815301076,1909f56bfc062723c751e8b465ee728b)  -> (artifact id: 'de67b28c610af7ff1bbd77732fa2f768') in 0.027689 seconds 
  Import took 0.034210 seconds .

========================================================================
Received Import Request.
  Time since last request: 8.641517 seconds.
  path: Assets/Prefabs/Selector.prefab
  artifactKey: Guid(65672744554549e4ea5ad8287c5e0642) Importer(815301076,1909f56bfc062723c751e8b465ee728b)
Start importing Assets/Prefabs/Selector.prefab using Guid(65672744554549e4ea5ad8287c5e0642) Importer(815301076,1909f56bfc062723c751e8b465ee728b)  -> (artifact id: 'fcb80b67009227ab0bc63e14de271f6a') in 0.027772 seconds 
  Import took 0.035398 seconds .

========================================================================
Received Import Request.
  Time since last request: 6.628299 seconds.
  path: Assets/Prefabs/Selector.prefab
  artifactKey: Guid(65672744554549e4ea5ad8287c5e0642) Importer(815301076,1909f56bfc062723c751e8b465ee728b)
Start importing Assets/Prefabs/Selector.prefab using Guid(65672744554549e4ea5ad8287c5e0642) Importer(815301076,1909f56bfc062723c751e8b465ee728b)  -> (artifact id: 'd24d79bd22dd62e42022e888c246c051') in 0.023490 seconds 
  Import took 0.029235 seconds .

========================================================================
Received Import Request.
  Time since last request: 13.684025 seconds.
  path: Assets/Prefabs/Selector.prefab
  artifactKey: Guid(65672744554549e4ea5ad8287c5e0642) Importer(815301076,1909f56bfc062723c751e8b465ee728b)
Start importing Assets/Prefabs/Selector.prefab using Guid(65672744554549e4ea5ad8287c5e0642) Importer(815301076,1909f56bfc062723c751e8b465ee728b)  -> (artifact id: '5dc5a1df7b1b1140cbadc9b2b651e43c') in 0.027847 seconds 
  Import took 0.033656 seconds .

========================================================================
Received Import Request.
  Time since last request: 3.000237 seconds.
  path: Assets/Prefabs/Selector.prefab
  artifactKey: Guid(65672744554549e4ea5ad8287c5e0642) Importer(815301076,1909f56bfc062723c751e8b465ee728b)
Start importing Assets/Prefabs/Selector.prefab using Guid(65672744554549e4ea5ad8287c5e0642) Importer(815301076,1909f56bfc062723c751e8b465ee728b)  -> (artifact id: 'e294540c7475f8b5c18e57fd2cbc4764') in 0.026093 seconds 
  Import took 0.030964 seconds .

========================================================================
Received Import Request.
  Time since last request: 18.768933 seconds.
  path: Assets/Prefabs/Selector.prefab
  artifactKey: Guid(65672744554549e4ea5ad8287c5e0642) Importer(815301076,1909f56bfc062723c751e8b465ee728b)
Start importing Assets/Prefabs/Selector.prefab using Guid(65672744554549e4ea5ad8287c5e0642) Importer(815301076,1909f56bfc062723c751e8b465ee728b)  -> (artifact id: '07ea035d1027f03fd54093271f602b69') in 0.027308 seconds 
  Import took 0.034085 seconds .

========================================================================
Received Import Request.
  Time since last request: 2.388543 seconds.
  path: Assets/Prefabs/Selector.prefab
  artifactKey: Guid(65672744554549e4ea5ad8287c5e0642) Importer(815301076,1909f56bfc062723c751e8b465ee728b)
Start importing Assets/Prefabs/Selector.prefab using Guid(65672744554549e4ea5ad8287c5e0642) Importer(815301076,1909f56bfc062723c751e8b465ee728b)  -> (artifact id: '0ee343892b62a4e6b1c572f3a89192d3') in 0.027636 seconds 
  Import took 0.032665 seconds .

========================================================================
Received Import Request.
  Time since last request: 18.511583 seconds.
  path: Assets/Prefabs/Selector.prefab
  artifactKey: Guid(65672744554549e4ea5ad8287c5e0642) Importer(815301076,1909f56bfc062723c751e8b465ee728b)
Start importing Assets/Prefabs/Selector.prefab using Guid(65672744554549e4ea5ad8287c5e0642) Importer(815301076,1909f56bfc062723c751e8b465ee728b)  -> (artifact id: 'f45fc7563db883d4311ecfd9677114a4') in 0.025551 seconds 
  Import took 0.032432 seconds .

========================================================================
Received Import Request.
  Time since last request: 4.018555 seconds.
  path: Assets/Prefabs/Selector.prefab
  artifactKey: Guid(65672744554549e4ea5ad8287c5e0642) Importer(815301076,1909f56bfc062723c751e8b465ee728b)
Start importing Assets/Prefabs/Selector.prefab using Guid(65672744554549e4ea5ad8287c5e0642) Importer(815301076,1909f56bfc062723c751e8b465ee728b)  -> (artifact id: '81caaee212f4248dacd5886e353aa755') in 0.025379 seconds 
  Import took 0.032142 seconds .

========================================================================
Received Import Request.
  Time since last request: 2.398868 seconds.
  path: Assets/Prefabs/Selector.prefab
  artifactKey: Guid(65672744554549e4ea5ad8287c5e0642) Importer(815301076,1909f56bfc062723c751e8b465ee728b)
Start importing Assets/Prefabs/Selector.prefab using Guid(65672744554549e4ea5ad8287c5e0642) Importer(815301076,1909f56bfc062723c751e8b465ee728b)  -> (artifact id: '738fae1f7cdaf4a8929f0a4e5e286172') in 0.029082 seconds 
  Import took 0.035213 seconds .

========================================================================
Received Import Request.
  Time since last request: 4.814075 seconds.
  path: Assets/Prefabs/Selector.prefab
  artifactKey: Guid(65672744554549e4ea5ad8287c5e0642) Importer(815301076,1909f56bfc062723c751e8b465ee728b)
Start importing Assets/Prefabs/Selector.prefab using Guid(65672744554549e4ea5ad8287c5e0642) Importer(815301076,1909f56bfc062723c751e8b465ee728b)  -> (artifact id: '32d6188f864f9536e57bf34b7763902b') in 0.024827 seconds 
  Import took 0.030223 seconds .

========================================================================
Received Import Request.
  Time since last request: 23.191337 seconds.
  path: Assets/Prefabs/Selector.prefab
  artifactKey: Guid(65672744554549e4ea5ad8287c5e0642) Importer(815301076,1909f56bfc062723c751e8b465ee728b)
Start importing Assets/Prefabs/Selector.prefab using Guid(65672744554549e4ea5ad8287c5e0642) Importer(815301076,1909f56bfc062723c751e8b465ee728b)  -> (artifact id: 'dcae517dbc8376aa6c78a3768b34e0e3') in 0.029971 seconds 
  Import took 0.036276 seconds .

========================================================================
Received Import Request.
  Time since last request: 11.281132 seconds.
  path: Assets/Prefabs/Selector.prefab
  artifactKey: Guid(65672744554549e4ea5ad8287c5e0642) Importer(815301076,1909f56bfc062723c751e8b465ee728b)
Start importing Assets/Prefabs/Selector.prefab using Guid(65672744554549e4ea5ad8287c5e0642) Importer(815301076,1909f56bfc062723c751e8b465ee728b)  -> (artifact id: 'ad9c07f6a3ef03a879e9c1e2d535f0d8') in 0.023659 seconds 
  Import took 0.029347 seconds .

========================================================================
Received Import Request.
  Time since last request: 4.822792 seconds.
  path: Assets/Prefabs/Selector.prefab
  artifactKey: Guid(65672744554549e4ea5ad8287c5e0642) Importer(815301076,1909f56bfc062723c751e8b465ee728b)
Start importing Assets/Prefabs/Selector.prefab using Guid(65672744554549e4ea5ad8287c5e0642) Importer(815301076,1909f56bfc062723c751e8b465ee728b)  -> (artifact id: 'e4eb3dae0aabac6b00fb19739be2c7c7') in 0.026879 seconds 
  Import took 0.034852 seconds .

========================================================================
Received Import Request.
  Time since last request: 14.704188 seconds.
  path: Assets/Prefabs/Selector.prefab
  artifactKey: Guid(65672744554549e4ea5ad8287c5e0642) Importer(815301076,1909f56bfc062723c751e8b465ee728b)
Start importing Assets/Prefabs/Selector.prefab using Guid(65672744554549e4ea5ad8287c5e0642) Importer(815301076,1909f56bfc062723c751e8b465ee728b)  -> (artifact id: '24e2b3699e4a06ff704a8d781c84c773') in 0.029686 seconds 
  Import took 0.037016 seconds .

========================================================================
Received Import Request.
  Time since last request: 10.908928 seconds.
  path: Assets/Prefabs/Selector.prefab
  artifactKey: Guid(65672744554549e4ea5ad8287c5e0642) Importer(815301076,1909f56bfc062723c751e8b465ee728b)
Start importing Assets/Prefabs/Selector.prefab using Guid(65672744554549e4ea5ad8287c5e0642) Importer(815301076,1909f56bfc062723c751e8b465ee728b)  -> (artifact id: '28de98d4473d91df8f0a47dd6d71bb80') in 0.024693 seconds 
  Import took 0.030989 seconds .

========================================================================
Received Import Request.
  Time since last request: 2.192258 seconds.
  path: Assets/Prefabs/Selector.prefab
  artifactKey: Guid(65672744554549e4ea5ad8287c5e0642) Importer(815301076,1909f56bfc062723c751e8b465ee728b)
Start importing Assets/Prefabs/Selector.prefab using Guid(65672744554549e4ea5ad8287c5e0642) Importer(815301076,1909f56bfc062723c751e8b465ee728b)  -> (artifact id: '7cf83aafe2362809dd26b2f09442f107') in 0.026956 seconds 
  Import took 0.035180 seconds .

========================================================================
Received Import Request.
  Time since last request: 22.005554 seconds.
  path: Assets/Prefabs/Selector.prefab
  artifactKey: Guid(65672744554549e4ea5ad8287c5e0642) Importer(815301076,1909f56bfc062723c751e8b465ee728b)
Start importing Assets/Prefabs/Selector.prefab using Guid(65672744554549e4ea5ad8287c5e0642) Importer(815301076,1909f56bfc062723c751e8b465ee728b)  -> (artifact id: 'e2e4bb47f736775202663e7a8670bcfd') in 0.034468 seconds 
  Import took 0.041045 seconds .

========================================================================
Received Import Request.
  Time since last request: 15.284064 seconds.
  path: Assets/Prefabs/Selector.prefab
  artifactKey: Guid(65672744554549e4ea5ad8287c5e0642) Importer(815301076,1909f56bfc062723c751e8b465ee728b)
Start importing Assets/Prefabs/Selector.prefab using Guid(65672744554549e4ea5ad8287c5e0642) Importer(815301076,1909f56bfc062723c751e8b465ee728b)  -> (artifact id: '7f95879a77f4c0c5601c3e45384df1db') in 0.024684 seconds 
  Import took 0.030375 seconds .

========================================================================
Received Import Request.
  Time since last request: 13.709355 seconds.
  path: Assets/Prefabs/Selector.prefab
  artifactKey: Guid(65672744554549e4ea5ad8287c5e0642) Importer(815301076,1909f56bfc062723c751e8b465ee728b)
Start importing Assets/Prefabs/Selector.prefab using Guid(65672744554549e4ea5ad8287c5e0642) Importer(815301076,1909f56bfc062723c751e8b465ee728b)  -> (artifact id: '9bd7781f85907026cd0c4078f5aa8ee7') in 0.028608 seconds 
  Import took 0.034501 seconds .

========================================================================
Received Import Request.
  Time since last request: 14.894600 seconds.
  path: Assets/Prefabs/Selector.prefab
  artifactKey: Guid(65672744554549e4ea5ad8287c5e0642) Importer(815301076,1909f56bfc062723c751e8b465ee728b)
Start importing Assets/Prefabs/Selector.prefab using Guid(65672744554549e4ea5ad8287c5e0642) Importer(815301076,1909f56bfc062723c751e8b465ee728b)  -> (artifact id: 'a6bd8943d4adab67d9d3dedfd3bdd2c1') in 0.026072 seconds 
  Import took 0.031287 seconds .

========================================================================
Received Import Request.
  Time since last request: 23.374068 seconds.
  path: Assets/Prefabs/Selector.prefab
  artifactKey: Guid(65672744554549e4ea5ad8287c5e0642) Importer(815301076,1909f56bfc062723c751e8b465ee728b)
Start importing Assets/Prefabs/Selector.prefab using Guid(65672744554549e4ea5ad8287c5e0642) Importer(815301076,1909f56bfc062723c751e8b465ee728b)  -> (artifact id: 'aef6ea6e9f2ba43b50344f9eafc773ae') in 0.027796 seconds 
  Import took 0.034612 seconds .

========================================================================
Received Import Request.
  Time since last request: 15.149801 seconds.
  path: Assets/Prefabs/Selector.prefab
  artifactKey: Guid(65672744554549e4ea5ad8287c5e0642) Importer(815301076,1909f56bfc062723c751e8b465ee728b)
Start importing Assets/Prefabs/Selector.prefab using Guid(65672744554549e4ea5ad8287c5e0642) Importer(815301076,1909f56bfc062723c751e8b465ee728b)  -> (artifact id: 'ef8f0c987c96f0cbd39bbdd9f29e714f') in 0.031057 seconds 
  Import took 0.038329 seconds .

========================================================================
Received Prepare
Registering precompiled user dll's ...
Registered in 0.014275 seconds.
Begin MonoManager ReloadAssembly
Native extension for WindowsStandalone target not found
Refreshing native plugins compatible for Editor in 0.53 ms, found 2 plugins.
Preloading 0 native plugins for Editor in 0.00 ms.
Mono: successfully reloaded assembly
- Completed reload, in  2.079 seconds
Domain Reload Profiling:
	ReloadAssembly (2080ms)
		BeginReloadAssembly (262ms)
			ExecutionOrderSort (0ms)
			DisableScriptedObjects (11ms)
			BackupInstance (0ms)
			ReleaseScriptingObjects (0ms)
			CreateAndSetChildDomain (62ms)
		EndReloadAssembly (1678ms)
			LoadAssemblies (255ms)
			RebuildTransferFunctionScriptingTraits (0ms)
			SetupTypeCache (576ms)
			ReleaseScriptCaches (2ms)
			RebuildScriptCaches (82ms)
			SetupLoadedEditorAssemblies (619ms)
				LogAssemblyErrors (0ms)
				InitializePlatformSupportModulesInManaged (10ms)
				SetLoadedEditorAssemblies (1ms)
				RefreshPlugins (1ms)
				BeforeProcessingInitializeOnLoad (156ms)
				ProcessInitializeOnLoadAttributes (416ms)
				ProcessInitializeOnLoadMethodAttributes (21ms)
				AfterProcessingInitializeOnLoad (14ms)
				EditorAssembliesLoaded (1ms)
			ExecutionOrderSort2 (0ms)
			AwakeInstancesAfterBackupRestoration (13ms)
Platform modules already initialized, skipping
Refreshing native plugins compatible for Editor in 0.57 ms, found 2 plugins.
Preloading 0 native plugins for Editor in 0.00 ms.
Unloading 1521 Unused Serialized files (Serialized files now loaded: 0)
System memory in use before: 72.4 MB.
System memory in use after: 72.5 MB.

Unloading 15 unused Assets to reduce memory usage. Loaded Objects now: 1973.
Total: 5.103900 ms (FindLiveObjects: 0.206300 ms CreateObjectMapping: 0.064800 ms MarkObjects: 4.788000 ms  DeleteObjects: 0.043000 ms)

AssetImportParameters requested are different than current active one (requested -> active):
  custom:framework-win-MediaFoundation: 216162199b28c13a410421893ffa2e32 -> 
  custom:video-decoder-ogg-theora: a1e56fd34408186e4bbccfd4996cb3dc -> 
  custom:container-muxer-webm: aa71ff27fc2769a1b78a27578f13a17b -> 
  custom:container-demuxer-webm: 4f35f7cbe854078d1ac9338744f61a02 -> 
  custom:container-demuxer-ogg: 62fdf1f143b41e24485cea50d1cbac27 -> 
  custom:video-encoder-webm-vp8: eb34c28f22e8b96e1ab97ce403110664 -> 
  custom:video-codec-MediaFoundation-h265: 746d11721c4dcdbdad8f713fa42b33f4 -> 
  custom:video-decoder-webm-vp8: 9c59270c3fd7afecdb556c50c9e8de78 -> 
  custom:audio-decoder-ogg-vorbis: bf7c407c2cedff20999df2af8eb42d56 -> 
  custom:audio-encoder-webm-vorbis: bf7c407c2cedff20999df2af8eb42d56 -> 
========================================================================
Received Import Request.
  Time since last request: 150.375252 seconds.
  path: Assets/Scripts/SquareSelectorCreator.cs
  artifactKey: Guid(ce254d40fe0b7f94c99a8c174ecaa254) Importer(815301076,1909f56bfc062723c751e8b465ee728b)
Start importing Assets/Scripts/SquareSelectorCreator.cs using Guid(ce254d40fe0b7f94c99a8c174ecaa254) Importer(815301076,1909f56bfc062723c751e8b465ee728b)  -> (artifact id: '88f850aa62f296ebe30802116d91e83d') in 0.038372 seconds 
  Import took 0.044438 seconds .

========================================================================
Received Prepare
Registering precompiled user dll's ...
Registered in 0.018999 seconds.
Begin MonoManager ReloadAssembly
Native extension for WindowsStandalone target not found
Refreshing native plugins compatible for Editor in 0.62 ms, found 2 plugins.
Preloading 0 native plugins for Editor in 0.00 ms.
Mono: successfully reloaded assembly
- Completed reload, in  2.568 seconds
Domain Reload Profiling:
	ReloadAssembly (2569ms)
		BeginReloadAssembly (254ms)
			ExecutionOrderSort (0ms)
			DisableScriptedObjects (10ms)
			BackupInstance (0ms)
			ReleaseScriptingObjects (0ms)
			CreateAndSetChildDomain (65ms)
		EndReloadAssembly (2171ms)
			LoadAssemblies (242ms)
			RebuildTransferFunctionScriptingTraits (0ms)
			SetupTypeCache (1128ms)
			ReleaseScriptCaches (2ms)
			RebuildScriptCaches (86ms)
			SetupLoadedEditorAssemblies (583ms)
				LogAssemblyErrors (0ms)
				InitializePlatformSupportModulesInManaged (9ms)
				SetLoadedEditorAssemblies (1ms)
				RefreshPlugins (1ms)
				BeforeProcessingInitializeOnLoad (149ms)
				ProcessInitializeOnLoadAttributes (387ms)
				ProcessInitializeOnLoadMethodAttributes (18ms)
				AfterProcessingInitializeOnLoad (17ms)
				EditorAssembliesLoaded (1ms)
			ExecutionOrderSort2 (0ms)
			AwakeInstancesAfterBackupRestoration (13ms)
Platform modules already initialized, skipping
Refreshing native plugins compatible for Editor in 0.56 ms, found 2 plugins.
Preloading 0 native plugins for Editor in 0.00 ms.
Unloading 1521 Unused Serialized files (Serialized files now loaded: 0)
System memory in use before: 72.5 MB.
System memory in use after: 72.6 MB.

Unloading 14 unused Assets to reduce memory usage. Loaded Objects now: 1975.
Total: 6.293300 ms (FindLiveObjects: 0.288100 ms CreateObjectMapping: 0.067700 ms MarkObjects: 5.847200 ms  DeleteObjects: 0.088000 ms)

AssetImportParameters requested are different than current active one (requested -> active):
  custom:framework-win-MediaFoundation: 216162199b28c13a410421893ffa2e32 -> 
  custom:video-decoder-ogg-theora: a1e56fd34408186e4bbccfd4996cb3dc -> 
  custom:container-muxer-webm: aa71ff27fc2769a1b78a27578f13a17b -> 
  custom:container-demuxer-webm: 4f35f7cbe854078d1ac9338744f61a02 -> 
  custom:container-demuxer-ogg: 62fdf1f143b41e24485cea50d1cbac27 -> 
  custom:video-encoder-webm-vp8: eb34c28f22e8b96e1ab97ce403110664 -> 
  custom:video-codec-MediaFoundation-h265: 746d11721c4dcdbdad8f713fa42b33f4 -> 
  custom:video-decoder-webm-vp8: 9c59270c3fd7afecdb556c50c9e8de78 -> 
  custom:audio-decoder-ogg-vorbis: bf7c407c2cedff20999df2af8eb42d56 -> 
  custom:audio-encoder-webm-vorbis: bf7c407c2cedff20999df2af8eb42d56 -> 
========================================================================
Received Prepare
Registering precompiled user dll's ...
Registered in 0.008422 seconds.
Begin MonoManager ReloadAssembly
Native extension for WindowsStandalone target not found
Refreshing native plugins compatible for Editor in 0.50 ms, found 2 plugins.
Preloading 0 native plugins for Editor in 0.00 ms.
Mono: successfully reloaded assembly
- Completed reload, in  2.428 seconds
Domain Reload Profiling:
	ReloadAssembly (2429ms)
		BeginReloadAssembly (228ms)
			ExecutionOrderSort (0ms)
			DisableScriptedObjects (9ms)
			BackupInstance (0ms)
			ReleaseScriptingObjects (0ms)
			CreateAndSetChildDomain (52ms)
		EndReloadAssembly (2064ms)
			LoadAssemblies (213ms)
			RebuildTransferFunctionScriptingTraits (0ms)
			SetupTypeCache (582ms)
			ReleaseScriptCaches (1ms)
			RebuildScriptCaches (539ms)
			SetupLoadedEditorAssemblies (594ms)
				LogAssemblyErrors (0ms)
				InitializePlatformSupportModulesInManaged (9ms)
				SetLoadedEditorAssemblies (1ms)
				RefreshPlugins (1ms)
				BeforeProcessingInitializeOnLoad (145ms)
				ProcessInitializeOnLoadAttributes (405ms)
				ProcessInitializeOnLoadMethodAttributes (20ms)
				AfterProcessingInitializeOnLoad (14ms)
				EditorAssembliesLoaded (0ms)
			ExecutionOrderSort2 (0ms)
			AwakeInstancesAfterBackupRestoration (13ms)
Platform modules already initialized, skipping
Refreshing native plugins compatible for Editor in 0.53 ms, found 2 plugins.
Preloading 0 native plugins for Editor in 0.00 ms.
Unloading 1521 Unused Serialized files (Serialized files now loaded: 0)
System memory in use before: 72.5 MB.
System memory in use after: 72.6 MB.

Unloading 14 unused Assets to reduce memory usage. Loaded Objects now: 1977.
Total: 4.411200 ms (FindLiveObjects: 0.250700 ms CreateObjectMapping: 0.062700 ms MarkObjects: 4.059200 ms  DeleteObjects: 0.036400 ms)

AssetImportParameters requested are different than current active one (requested -> active):
  custom:framework-win-MediaFoundation: 216162199b28c13a410421893ffa2e32 -> 
  custom:video-decoder-ogg-theora: a1e56fd34408186e4bbccfd4996cb3dc -> 
  custom:container-muxer-webm: aa71ff27fc2769a1b78a27578f13a17b -> 
  custom:container-demuxer-webm: 4f35f7cbe854078d1ac9338744f61a02 -> 
  custom:container-demuxer-ogg: 62fdf1f143b41e24485cea50d1cbac27 -> 
  custom:video-encoder-webm-vp8: eb34c28f22e8b96e1ab97ce403110664 -> 
  custom:video-codec-MediaFoundation-h265: 746d11721c4dcdbdad8f713fa42b33f4 -> 
  custom:video-decoder-webm-vp8: 9c59270c3fd7afecdb556c50c9e8de78 -> 
  custom:audio-decoder-ogg-vorbis: bf7c407c2cedff20999df2af8eb42d56 -> 
  custom:audio-encoder-webm-vorbis: bf7c407c2cedff20999df2af8eb42d56 -> 
========================================================================
Received Prepare
Refreshing native plugins compatible for Editor in 6.73 ms, found 2 plugins.
Preloading 0 native plugins for Editor in 0.00 ms.
Unloading 12 Unused Serialized files (Serialized files now loaded: 0)
System memory in use before: 42.6 MB.
System memory in use after: 42.7 MB.

Unloading 12 unused Assets to reduce memory usage. Loaded Objects now: 1977.
Total: 5.125300 ms (FindLiveObjects: 0.159000 ms CreateObjectMapping: 0.061600 ms MarkObjects: 4.871400 ms  DeleteObjects: 0.031600 ms)

AssetImportParameters requested are different than current active one (requested -> active):
  custom:framework-win-MediaFoundation: 216162199b28c13a410421893ffa2e32 -> 
  custom:video-decoder-ogg-theora: a1e56fd34408186e4bbccfd4996cb3dc -> 
  custom:container-muxer-webm: aa71ff27fc2769a1b78a27578f13a17b -> 
  custom:container-demuxer-webm: 4f35f7cbe854078d1ac9338744f61a02 -> 
  custom:container-demuxer-ogg: 62fdf1f143b41e24485cea50d1cbac27 -> 
  custom:video-encoder-webm-vp8: eb34c28f22e8b96e1ab97ce403110664 -> 
  custom:video-codec-MediaFoundation-h265: 746d11721c4dcdbdad8f713fa42b33f4 -> 
  custom:video-decoder-webm-vp8: 9c59270c3fd7afecdb556c50c9e8de78 -> 
  custom:audio-decoder-ogg-vorbis: bf7c407c2cedff20999df2af8eb42d56 -> 
  custom:audio-encoder-webm-vorbis: bf7c407c2cedff20999df2af8eb42d56 -> 
========================================================================
Received Import Request.
  Time since last request: 672.146564 seconds.
  path: Assets/Materials/FreeSquareMaterial.mat
  artifactKey: Guid(b3e0bc0322b2299479a80af544301c15) Importer(815301076,1909f56bfc062723c751e8b465ee728b)
Start importing Assets/Materials/FreeSquareMaterial.mat using Guid(b3e0bc0322b2299479a80af544301c15) Importer(815301076,1909f56bfc062723c751e8b465ee728b)  -> (artifact id: '0bfee2277f9dc910237e24b482213f6d') in 0.180441 seconds 
  Import took 0.185751 seconds .

========================================================================
Received Prepare
Registering precompiled user dll's ...
Registered in 0.525070 seconds.
Begin MonoManager ReloadAssembly
Native extension for WindowsStandalone target not found
Refreshing native plugins compatible for Editor in 0.53 ms, found 2 plugins.
Preloading 0 native plugins for Editor in 0.00 ms.
Mono: successfully reloaded assembly
- Completed reload, in  2.465 seconds
Domain Reload Profiling:
	ReloadAssembly (2466ms)
		BeginReloadAssembly (236ms)
			ExecutionOrderSort (0ms)
			DisableScriptedObjects (7ms)
			BackupInstance (0ms)
			ReleaseScriptingObjects (0ms)
			CreateAndSetChildDomain (61ms)
		EndReloadAssembly (2079ms)
			LoadAssemblies (233ms)
			RebuildTransferFunctionScriptingTraits (0ms)
			SetupTypeCache (1016ms)
			ReleaseScriptCaches (2ms)
			RebuildScriptCaches (101ms)
			SetupLoadedEditorAssemblies (601ms)
				LogAssemblyErrors (0ms)
				InitializePlatformSupportModulesInManaged (9ms)
				SetLoadedEditorAssemblies (1ms)
				RefreshPlugins (1ms)
				BeforeProcessingInitializeOnLoad (165ms)
				ProcessInitializeOnLoadAttributes (393ms)
				ProcessInitializeOnLoadMethodAttributes (17ms)
				AfterProcessingInitializeOnLoad (14ms)
				EditorAssembliesLoaded (0ms)
			ExecutionOrderSort2 (0ms)
			AwakeInstancesAfterBackupRestoration (12ms)
Platform modules already initialized, skipping
Refreshing native plugins compatible for Editor in 0.94 ms, found 2 plugins.
Preloading 0 native plugins for Editor in 0.00 ms.
Unloading 1521 Unused Serialized files (Serialized files now loaded: 0)
System memory in use before: 72.7 MB.
System memory in use after: 72.8 MB.

Unloading 14 unused Assets to reduce memory usage. Loaded Objects now: 2013.
Total: 3.648300 ms (FindLiveObjects: 0.161800 ms CreateObjectMapping: 0.046400 ms MarkObjects: 3.407700 ms  DeleteObjects: 0.031200 ms)

AssetImportParameters requested are different than current active one (requested -> active):
  custom:framework-win-MediaFoundation: 216162199b28c13a410421893ffa2e32 -> 
  custom:video-decoder-ogg-theora: a1e56fd34408186e4bbccfd4996cb3dc -> 
  custom:container-muxer-webm: aa71ff27fc2769a1b78a27578f13a17b -> 
  custom:container-demuxer-webm: 4f35f7cbe854078d1ac9338744f61a02 -> 
  custom:container-demuxer-ogg: 62fdf1f143b41e24485cea50d1cbac27 -> 
  custom:video-encoder-webm-vp8: eb34c28f22e8b96e1ab97ce403110664 -> 
  custom:video-codec-MediaFoundation-h265: 746d11721c4dcdbdad8f713fa42b33f4 -> 
  custom:video-decoder-webm-vp8: 9c59270c3fd7afecdb556c50c9e8de78 -> 
  custom:audio-decoder-ogg-vorbis: bf7c407c2cedff20999df2af8eb42d56 -> 
  custom:audio-encoder-webm-vorbis: bf7c407c2cedff20999df2af8eb42d56 -> 
